        -:    0:Source:/home/foxers/CLionProjects/advcpp2021homework1/src/fridge.c
        -:    0:Graph:/home/foxers/CLionProjects/advcpp2021homework1/cmake-build-debug-coverage/CMakeFiles/tests.dir/src/fridge.c.gcno
        -:    0:Data:/home/foxers/CLionProjects/advcpp2021homework1/cmake-build-debug-coverage/CMakeFiles/tests.dir/src/fridge.c.gcda
        -:    0:Runs:1
        -:    0:Programs:1
        -:    1:#include "../include/dish.h"
        -:    2:#include "../include/fridge.h"
        -:    3:
       10:    4:bool push(dish_list** list, dish add) {
       10:    5:    dish_list* node = malloc(sizeof(dish_list));
       10:    6:    if(!node){
       10:    6-block  0
    #####:    7:        return false;
    %%%%%:    7-block  0
        -:    8:    }
       10:    9:    node->current = add;
       10:   10:    node->next = *list;
       10:   11:    *list = node;
       10:   12:    return true;
       10:   12-block  0
        -:   13:}
        -:   14:
        8:   15:void del(dish_list* list){
        8:   16:    if (list) {
        8:   16-block  0
        6:   17:        del(list->next);
        6:   17-block  0
        6:   18:        free(list);
        -:   19:    }
        8:   20:}
