Start testing: Mar 14 23:28 MSK
----------------------------------------------------------
1/1 Testing: gtests
1/1 Test: gtests
Command: "/home/foxers/CLionProjects/advcpp2021homework1/cmake-build-debug-coverage/tests"
Directory: /home/foxers/CLionProjects/advcpp2021homework1/cmake-build-debug-coverage
"gtests" start time: Mar 14 23:28 MSK
Output:
----------------------------------------------------------
[==========] Running 5 tests from 3 test cases.
[----------] Global test environment set-up.
[----------] 1 test from deviation
[ RUN      ] deviation.values_1
[       OK ] deviation.values_1 (0 ms)
[----------] 1 test from deviation (0 ms total)

[----------] 2 tests from fridge
[ RUN      ] fridge.initialization
[       OK ] fridge.initialization (0 ms)
[ RUN      ] fridge.initialization_2
[       OK ] fridge.initialization_2 (0 ms)
[----------] 2 tests from fridge (0 ms total)

[----------] 2 tests from find
[ RUN      ] find.values_1
[       OK ] find.values_1 (0 ms)
[ RUN      ] find.values_2
[       OK ] find.values_2 (0 ms)
[----------] 2 tests from find (0 ms total)

[----------] Global test environment tear-down
[==========] 5 tests from 3 test cases ran. (0 ms total)
[  PASSED  ] 5 tests.
<end of output>
Test time =   0.00 sec
----------------------------------------------------------
Test Passed.
"gtests" end time: Mar 14 23:28 MSK
"gtests" time elapsed: 00:00:00
----------------------------------------------------------

End testing: Mar 14 23:28 MSK
